2025-04-19 17:51:03,288 - INFO - Inicializando ChromeDriver...
2025-04-19 17:51:03,288 - INFO - ====== WebDriver manager ======
2025-04-19 17:51:05,709 - INFO - Get LATEST chromedriver version for google-chrome
2025-04-19 17:51:05,748 - INFO - Get LATEST chromedriver version for google-chrome
2025-04-19 17:51:05,775 - INFO - Driver [C:\Users\Kaua\.wdm\drivers\chromedriver\win64\135.0.7049.95\chromedriver-win32/chromedriver.exe] found in cache
2025-04-19 17:51:07,037 - INFO - ChromeDriver inicializado com sucesso.
2025-04-19 17:51:07,037 - INFO - Acessando URL: https://sgd.dominiosistemas.com.br
2025-04-19 17:51:07,157 - INFO - Aguardando campos de login...
2025-04-19 17:51:07,185 - INFO - Preenchendo credenciais...
2025-04-19 17:51:12,460 - INFO - Acessando URL de programações: https://sgd.dominiosistemas.com.br/sgsc/faces/programacoes.html
2025-04-19 17:51:12,782 - INFO - Preenchendo data inicial...
2025-04-19 17:51:12,931 - INFO - Preenchendo data final...
2025-04-19 17:51:13,061 - INFO - Clicando no botão de salvar...
2025-04-19 17:51:18,114 - INFO - Clicando no botão de gerar relatório...
2025-04-19 17:51:26,872 - INFO - Aguardando link de download...
2025-04-19 17:51:26,965 - INFO - URL de download obtido: https://sgd.dominiosistemas.com.br/comum/relatorios/0001745095878898-3122146436144831109.xlsx
2025-04-19 17:51:26,971 - INFO - Iniciando download do arquivo...
2025-04-19 17:51:27,026 - INFO - Arquivo baixado e renomeado para: C:\Users\Kaua\Downloads\010425_300425_1.xlsx
2025-04-19 17:51:27,389 - INFO - Dados Excel lidos com sucesso. Colunas: ['Número', 'Data de entrada', 'Unidade', 'Estado', 'Cidade', 'Cliente', 'Cliente Referencial', 'Segmento', 'Produto', 'Modulo', 'Tipo', 'Responsável', 'Agendado', 'Situação', 'Tempo Realizado', 'Local do Treinamento']
2025-04-19 17:51:27,391 - INFO - Colunas: Responsável -> Responsável, Situação -> Situação, Data -> Data de entrada
2025-04-19 17:51:27,394 - INFO - Linhas após exclusão de responsáveis: 622
2025-04-19 17:51:27,394 - INFO - Situações encontradas: ['Realizado' 'Concluído' 'Não Iniciado' 'Cancelado pelo Cliente'
 'Cancelado pela Unidade' 'Em Andamento' 'Não Realizado' 'nan' 'Cancelado'
 'Sem Análise']
2025-04-19 17:51:27,400 - INFO - Tabela dinâmica criada com sucesso.
2025-04-19 17:51:28,259 - INFO - Arquivo processado: C:\Users\Kaua\Downloads\010425_300425_1.xlsx
2025-04-19 17:51:28,260 - INFO - Finalizando WebDriver...
2025-04-19 17:52:02,704 - INFO - Inicializando ChromeDriver...
2025-04-19 17:52:02,705 - INFO - ====== WebDriver manager ======
2025-04-19 17:52:05,060 - INFO - Get LATEST chromedriver version for google-chrome
2025-04-19 17:52:05,082 - INFO - Get LATEST chromedriver version for google-chrome
2025-04-19 17:52:05,100 - INFO - Driver [C:\Users\Kaua\.wdm\drivers\chromedriver\win64\135.0.7049.95\chromedriver-win32/chromedriver.exe] found in cache
2025-04-19 17:52:06,294 - INFO - ChromeDriver inicializado com sucesso.
2025-04-19 17:52:06,294 - INFO - Acessando URL: https://sgd.dominiosistemas.com.br
2025-04-19 17:52:06,417 - INFO - Aguardando campos de login...
2025-04-19 17:52:06,447 - INFO - Preenchendo credenciais...
2025-04-19 17:52:11,568 - INFO - Acessando URL de programações: https://sgd.dominiosistemas.com.br/sgsc/faces/programacoes.html
2025-04-19 17:52:11,933 - INFO - Preenchendo data inicial...
2025-04-19 17:52:12,071 - INFO - Preenchendo data final...
2025-04-19 17:52:12,200 - INFO - Clicando no botão de salvar...
2025-04-19 17:52:17,254 - INFO - Clicando no botão de gerar relatório...
2025-04-19 17:52:22,332 - INFO - Aguardando link de download...
2025-04-19 17:52:22,451 - INFO - URL de download obtido: https://sgd.dominiosistemas.com.br/comum/relatorios/0001745095938043-2201208599918909491.xlsx
2025-04-19 17:52:22,464 - INFO - Iniciando download do arquivo...
2025-04-19 17:52:22,529 - INFO - Arquivo baixado e renomeado para: C:\Users\Kaua\Documents\010125_300425.xlsx
2025-04-19 17:52:23,001 - INFO - Dados Excel lidos com sucesso. Colunas: ['Número', 'Data de entrada', 'Unidade', 'Estado', 'Cidade', 'Cliente', 'Cliente Referencial', 'Segmento', 'Produto', 'Modulo', 'Tipo', 'Responsável', 'Agendado', 'Situação', 'Tempo Realizado', 'Local do Treinamento']
2025-04-19 17:52:23,001 - INFO - Colunas: Responsável -> Responsável, Situação -> Situação, Data -> Data de entrada
2025-04-19 17:52:23,003 - INFO - Linhas após exclusão de responsáveis: 889
2025-04-19 17:52:23,004 - INFO - Situações encontradas: ['Prescrita' 'Não Iniciado' 'Cancelado pela Unidade' 'Concluído'
 'Realizado' 'Cancelado pelo Cliente' 'nan' 'Em Andamento' 'Não Realizado'
 'Pré-agendado' 'Cancelado']
2025-04-19 17:52:23,008 - INFO - Tabela dinâmica criada com sucesso.
2025-04-19 17:52:23,925 - INFO - Arquivo processado: C:\Users\Kaua\Documents\010125_300425.xlsx
2025-04-19 17:52:23,926 - INFO - Finalizando WebDriver...
